<?xml version="1.0" encoding="UTF-8"?>
<!-- Generated by org.testng.reporters.JUnitReportReporter -->
<testsuite skipped="0" hostname="DESKTOP-1ESRFEC" name="module9TestNG.LoginTest" tests="3" failures="0" timestamp="14 Jan 2018 22:37:02 GMT" time="0.013" errors="0">
  <testcase name="doLoginTEst" time="0.004" classname="module9TestNG.LoginTest"/>
  <testcase name="doLoginTEst" time="0.004" classname="module9TestNG.LoginTest"/>
  <testcase name="doLoginTEst" time="0.005" classname="module9TestNG.LoginTest"/>
</testsuite> <!-- module9TestNG.LoginTest -->
