<?xml version="1.0" encoding="UTF-8"?>
<!-- Generated by org.testng.reporters.JUnitReportReporter -->
<testsuite hostname="Jayant" name="module9TestNG.LoginTest" tests="3" failures="0" timestamp="29 Mar 2018 19:08:53 GMT" time="0.001" errors="0">
  <testcase name="doLoginTEst" time="0.001" classname="module9TestNG.LoginTest"/>
  <testcase name="doLoginTEst" time="0.000" classname="module9TestNG.LoginTest"/>
  <testcase name="doLoginTEst" time="0.000" classname="module9TestNG.LoginTest"/>
</testsuite>
