<?xml version="1.0" encoding="UTF-8"?>
<!-- Generated by org.testng.reporters.JUnitReportReporter -->
<testsuite skipped="1" hostname="DESKTOP-1ESRFEC" name="module9TestNG.TestNGApplication" tests="3" failures="0" timestamp="14 Jan 2018 22:37:02 GMT" time="0.007" errors="0">
  <testcase name="doLogin" time="0.005" classname="module9TestNG.TestNGApplication"/>
  <testcase name="updateNameTEst" time="0.001" classname="module9TestNG.TestNGApplication">
    <skipped/>
  </testcase> <!-- updateNameTEst -->
  <testcase name="LogoutTEst" time="0.001" classname="module9TestNG.TestNGApplication"/>
</testsuite> <!-- module9TestNG.TestNGApplication -->
