<?xml version="1.0" encoding="UTF-8"?>
<!-- Generated by org.testng.reporters.JUnitReportReporter -->
<testsuite skipped="0" hostname="DESKTOP-1ESRFEC" name="module9TestNG.NewSearch" tests="9" failures="0" timestamp="25 Oct 2017 23:21:39 GMT" time="0.021" errors="0">
  <testcase name="newNameSearch" time="0.001" classname="module9TestNG.NewSearch"/>
  <testcase name="newNameSearch" time="0.002" classname="module9TestNG.NewSearch"/>
  <testcase name="newNameSearch" time="0.001" classname="module9TestNG.NewSearch"/>
  <testcase name="newNameSearch" time="0.008" classname="module9TestNG.NewSearch"/>
  <testcase name="newIDSearch" time="0.003" classname="module9TestNG.NewSearch"/>
  <testcase name="newIDSearch" time="0.001" classname="module9TestNG.NewSearch"/>
  <testcase name="newIDSearch" time="0.002" classname="module9TestNG.NewSearch"/>
  <testcase name="newIDSearch" time="0.002" classname="module9TestNG.NewSearch"/>
  <testcase name="displayDetails" time="0.001" classname="module9TestNG.NewSearch"/>
</testsuite> <!-- module9TestNG.NewSearch -->
