<?xml version="1.0" encoding="UTF-8"?>
<!-- Generated by org.testng.reporters.JUnitReportReporter -->
<<<<<<< HEAD
<testsuite hostname="Jayant" name="module9TestNG.TestNGApplication" tests="3" failures="0" timestamp="29 Mar 2018 19:08:53 GMT" time="0.002" errors="1">
  <testcase name="LogoutTEst" time="0.001" classname="module9TestNG.TestNGApplication"/>
  <testcase name="doLogin" time="0.000" classname="module9TestNG.TestNGApplication"/>
  <testcase name="updateNameTEst" time="0.001" classname="module9TestNG.TestNGApplication">
    <error type="org.testng.SkipException" message="skipping the test">
      <![CDATA[org.testng.SkipException: skipping the test
	at module9TestNG.TestNGApplication.updateNameTEst(TestNGApplication.java:39)
	at sun.reflect.NativeMethodAccessorImpl.invoke0(Native Method)
	at sun.reflect.NativeMethodAccessorImpl.invoke(Unknown Source)
	at sun.reflect.DelegatingMethodAccessorImpl.invoke(Unknown Source)
	at java.lang.reflect.Method.invoke(Unknown Source)
	at org.testng.internal.MethodInvocationHelper.invokeMethod(MethodInvocationHelper.java:74)
	at org.testng.internal.Invoker.invokeMethod(Invoker.java:673)
	at org.testng.internal.Invoker.invokeTestMethod(Invoker.java:846)
	at org.testng.internal.Invoker.invokeTestMethods(Invoker.java:1170)
	at org.testng.internal.TestMethodWorker.invokeTestMethods(TestMethodWorker.java:125)
	at org.testng.internal.TestMethodWorker.run(TestMethodWorker.java:109)
	at java.util.concurrent.ThreadPoolExecutor.runWorker(Unknown Source)
	at java.util.concurrent.ThreadPoolExecutor$Worker.run(Unknown Source)
	at java.lang.Thread.run(Unknown Source)
]]>
    </error>
  </testcase>
</testsuite>
=======
<testsuite skipped="1" hostname="DESKTOP-1ESRFEC" name="module9TestNG.TestNGApplication" tests="3" failures="0" timestamp="14 Jan 2018 22:37:02 GMT" time="0.007" errors="0">
  <testcase name="doLogin" time="0.005" classname="module9TestNG.TestNGApplication"/>
  <testcase name="updateNameTEst" time="0.001" classname="module9TestNG.TestNGApplication">
    <skipped/>
  </testcase> <!-- updateNameTEst -->
  <testcase name="LogoutTEst" time="0.001" classname="module9TestNG.TestNGApplication"/>
</testsuite> <!-- module9TestNG.TestNGApplication -->
>>>>>>> b95f80cf2e33dc63fda04097a1702ad30d7f3615
